<?xml version="1.0" encoding="UTF-8"?>
<testsuite xmlns:xsi="http://www.w3.org/2001/XMLSchema-instance" xsi:noNamespaceSchemaLocation="https://maven.apache.org/surefire/maven-surefire-plugin/xsd/surefire-test-report-3.0.xsd" version="3.0" name="org.suai.protocol.SchnorrTest" time="0.422" tests="4" errors="0" skipped="0" failures="0">
  <properties>
[...]
</properties>
  <testcase name="testCalculateS" classname="org.suai.protocol.SchnorrTest" time="0.135">
    <system-out><![CDATA[Exito: Calculo de S exitoso
]]></system-out>
  </testcase>
  <testcase name="testCalculateX" classname="org.suai.protocol.SchnorrTest" time="0.063">
    <system-out><![CDATA[Exito: Calculo de X exitoso
]]></system-out>
  </testcase>
  <testcase name="testVerification" classname="org.suai.protocol.SchnorrTest" time="0.104">
    <system-out><![CDATA[Exito en el intento 1: Verificacion exitosa
 Autenticacion con valores incorrectos fallida
Exito en el intento 2: Verificacion exitosa
 Autenticacion con valores incorrectos fallida
Exito en el intento 3: Verificacion exitosa
 Autenticacion con valores incorrectos fallida
Exito en el intento 4: Verificacion exitosa
 Autenticacion con valores incorrectos fallida
Exito en el intento 5: Verificacion exitosa
 Autenticacion con valores incorrectos fallida
Exito en el intento 6: Verificacion exitosa
 Autenticacion con valores incorrectos fallida
Exito en el intento 7: Verificacion exitosa
 Autenticacion con valores incorrectos fallida
Exito en el intento 8: Verificacion exitosa
 Autenticacion con valores incorrectos fallida
Exito en el intento 9: Verificacion exitosa
 Autenticacion con valores incorrectos fallida
Exito en el intento 10: Verificacion exitosa
 Autenticacion con valores incorrectos fallida
]]></system-out>
  </testcase>
  <testcase name="testKeyGeneration" classname="org.suai.protocol.SchnorrTest" time="0.071">
    <system-out><![CDATA[Exito: Generacion de claves exitosa
]]></system-out>
  </testcase>
</testsuite>